What_is_this_insect_application-final/app/build/intermediates/manifest_merge_blame_file/debug/processDebugMainManifest/manifest-merger-blame-debug-report.txt
1<?xml version="1.0" encoding="utf-8"?>
2<!--
3    ~ Copyright 2022 The TensorFlow Authors. All Rights Reserved.
4    ~
5    ~ Licensed under the Apache License, Version 2.0 (the "License");
6    ~ you may not use this file except in compliance with the License.
7    ~ You may obtain a copy of the License at
8    ~
9    ~       http://www.apache.org/licenses/LICENSE-2.0
10    ~
11    ~ Unless required by applicable law or agreed to in writing, software
12    ~ distributed under the License is distributed on an "AS IS" BASIS,
13    ~ WITHOUT WARRANTIES OR CONDITIONS OF ANY KIND, either express or implied.
14    ~ See the License for the specific language governing permissions and
15    ~ limitations under the License.
16-->
17<manifest xmlns:android="http://schemas.android.com/apk/res/android"
18    xmlns:dist="http://schemas.android.com/apk/distribution"
19    package="com.google.mediapipe.examples.gesturerecognizer"
20    android:versionCode="1"
21    android:versionName="1.0" >
22
23    <uses-sdk
24        android:minSdkVersion="28"
25        android:targetSdkVersion="33" />
26
27    <!-- Enable instant app support -->
28    <dist:module dist:instant="true" />
28-->src/main/AndroidManifest.xml:23:5-40
28-->src/main/AndroidManifest.xml:23:18-37
29
30    <!-- Declare features -->
31    <uses-feature android:name="android.hardware.camera" />
31-->src/main/AndroidManifest.xml:26:5-60
31-->src/main/AndroidManifest.xml:26:19-57
32
33    <!-- Declare permissions -->
34    <uses-permission android:name="android.permission.CAMERA" />
34-->src/main/AndroidManifest.xml:29:5-65
34-->src/main/AndroidManifest.xml:29:22-62
35
36    <!-- 外部ストレージの読み取り許可 -->
37    <uses-permission
37-->src/main/AndroidManifest.xml:32:5-34:40
38        android:name="android.permission.READ_EXTERNAL_STORAGE"
38-->src/main/AndroidManifest.xml:32:22-77
39        android:maxSdkVersion="34" />
39-->src/main/AndroidManifest.xml:33:9-35
40    <!-- 外部ストレージの書き込み許可 -->
41    <uses-permission
41-->src/main/AndroidManifest.xml:36:5-38:40
42        android:name="android.permission.WRITE_EXTERNAL_STORAGE"
42-->src/main/AndroidManifest.xml:36:22-78
43        android:maxSdkVersion="34" />
43-->src/main/AndroidManifest.xml:37:9-35
44    <!-- デバイスのステータスを読み取る許可 -->
45    <uses-permission android:name="android.permission.READ_PHONE_STATE" />
45-->src/main/AndroidManifest.xml:40:5-75
45-->src/main/AndroidManifest.xml:40:22-72
46    <!-- システムアラートウィンドウの描画許可 -->
47    <uses-permission android:name="android.permission.SYSTEM_ALERT_WINDOW" />
47-->src/main/AndroidManifest.xml:42:5-78
47-->src/main/AndroidManifest.xml:42:22-75
48    <!-- 外部ストレージへのアクセス許可 -->
49    <uses-permission android:name="android.permission.READ_MEDIA_IMAGES" />
49-->src/main/AndroidManifest.xml:44:5-45:46
49-->src/main/AndroidManifest.xml:44:22-73
50    <uses-permission android:name="android.permission.READ_MEDIA_VIDEO" />
50-->src/main/AndroidManifest.xml:46:5-47:46
50-->src/main/AndroidManifest.xml:46:22-72
51    <uses-permission android:name="android.permission.READ_MEDIA_AUDIO" />
51-->src/main/AndroidManifest.xml:48:5-75
51-->src/main/AndroidManifest.xml:48:22-72
52
53    <!-- Although the *SdkVersion is captured in gradle build files, this is required for non gradle builds -->
54    <!-- <uses-sdk android:minSdkVersion="14"/> -->
55    <uses-permission android:name="android.permission.ACCESS_NETWORK_STATE" />
55-->[com.google.android.datatransport:transport-backend-cct:3.1.0] AndroidManifest.xml:25:5-79
55-->[com.google.android.datatransport:transport-backend-cct:3.1.0] AndroidManifest.xml:25:22-76
56    <uses-permission android:name="android.permission.INTERNET" />
56-->[com.google.android.datatransport:transport-backend-cct:3.1.0] AndroidManifest.xml:26:5-67
56-->[com.google.android.datatransport:transport-backend-cct:3.1.0] AndroidManifest.xml:26:22-64
57
58    <application
58-->src/main/AndroidManifest.xml:53:5-90:19
59        android:allowBackup="true"
59-->src/main/AndroidManifest.xml:54:9-35
60        android:appComponentFactory="androidx.core.app.CoreComponentFactory"
60-->[androidx.core:core:1.8.0] AndroidManifest.xml:24:18-86
61        android:debuggable="true"
62        android:extractNativeLibs="false"
63        android:icon="@mipmap/ic_konomusi"
63-->src/main/AndroidManifest.xml:55:9-43
64        android:label="@string/app_name"
64-->src/main/AndroidManifest.xml:56:9-41
65        android:roundIcon="@mipmap/ic_konomusi_round"
65-->src/main/AndroidManifest.xml:57:9-54
66        android:supportsRtl="true"
66-->src/main/AndroidManifest.xml:58:9-35
67        android:taskAffinity=""
67-->src/main/AndroidManifest.xml:59:9-32
68        android:testOnly="true"
69        android:theme="@style/Theme.GestureRecognizer" >
69-->src/main/AndroidManifest.xml:60:9-55
70        <activity
70-->src/main/AndroidManifest.xml:62:9-65:39
71            android:name="com.google.mediapipe.examples.gesturerecognizer.RirekiActivity"
71-->src/main/AndroidManifest.xml:63:13-43
72            android:exported="false"
72-->src/main/AndroidManifest.xml:65:13-37
73            android:screenOrientation="portrait" />
73-->src/main/AndroidManifest.xml:64:13-49
74        <activity
74-->src/main/AndroidManifest.xml:66:9-69:39
75            android:name="com.google.mediapipe.examples.gesturerecognizer.IntroduceActivity"
75-->src/main/AndroidManifest.xml:67:13-46
76            android:exported="false"
76-->src/main/AndroidManifest.xml:69:13-37
77            android:screenOrientation="portrait" />
77-->src/main/AndroidManifest.xml:68:13-49
78        <activity
78-->src/main/AndroidManifest.xml:70:9-73:39
79            android:name="com.google.mediapipe.examples.gesturerecognizer.HelpActivity"
79-->src/main/AndroidManifest.xml:71:13-41
80            android:exported="false"
80-->src/main/AndroidManifest.xml:73:13-37
81            android:screenOrientation="portrait" />
81-->src/main/AndroidManifest.xml:72:13-49
82        <activity
82-->src/main/AndroidManifest.xml:74:9-89:20
83            android:name="com.google.mediapipe.examples.gesturerecognizer.MainActivity"
83-->src/main/AndroidManifest.xml:75:13-41
84            android:exported="true"
84-->src/main/AndroidManifest.xml:77:13-36
85            android:screenOrientation="landscape" >
85-->src/main/AndroidManifest.xml:76:13-50
86            <intent-filter>
86-->src/main/AndroidManifest.xml:79:13-83:29
87                <action android:name="android.intent.action.MAIN" />
87-->src/main/AndroidManifest.xml:80:17-69
87-->src/main/AndroidManifest.xml:80:25-66
88
89                <category android:name="android.intent.category.LAUNCHER" />
89-->src/main/AndroidManifest.xml:82:17-77
89-->src/main/AndroidManifest.xml:82:27-74
90            </intent-filter>
91
92            <!-- Declare notch support -->
93            <meta-data
93-->src/main/AndroidManifest.xml:86:13-88:40
94                android:name="android.notch_support"
94-->src/main/AndroidManifest.xml:87:17-53
95                android:value="true" />
95-->src/main/AndroidManifest.xml:88:17-37
96        </activity>
97
98        <uses-library
98-->[androidx.window:window:1.1.0-alpha03] AndroidManifest.xml:23:9-25:40
99            android:name="androidx.window.extensions"
99-->[androidx.window:window:1.1.0-alpha03] AndroidManifest.xml:24:13-54
100            android:required="false" />
100-->[androidx.window:window:1.1.0-alpha03] AndroidManifest.xml:25:13-37
101        <uses-library
101-->[androidx.window:window:1.1.0-alpha03] AndroidManifest.xml:26:9-28:40
102            android:name="androidx.window.sidecar"
102-->[androidx.window:window:1.1.0-alpha03] AndroidManifest.xml:27:13-51
103            android:required="false" />
103-->[androidx.window:window:1.1.0-alpha03] AndroidManifest.xml:28:13-37
104
105        <service
105-->[androidx.camera:camera-camera2:1.2.0-alpha02] AndroidManifest.xml:25:9-34:19
106            android:name="androidx.camera.core.impl.MetadataHolderService"
106-->[androidx.camera:camera-camera2:1.2.0-alpha02] AndroidManifest.xml:26:13-75
107            android:enabled="false"
107-->[androidx.camera:camera-camera2:1.2.0-alpha02] AndroidManifest.xml:27:13-36
108            android:exported="false" >
108-->[androidx.camera:camera-camera2:1.2.0-alpha02] AndroidManifest.xml:28:13-37
109            <meta-data
109-->[androidx.camera:camera-camera2:1.2.0-alpha02] AndroidManifest.xml:31:13-33:89
110                android:name="androidx.camera.core.impl.MetadataHolderService.DEFAULT_CONFIG_PROVIDER"
110-->[androidx.camera:camera-camera2:1.2.0-alpha02] AndroidManifest.xml:32:17-103
111                android:value="androidx.camera.camera2.Camera2Config$DefaultProvider" />
111-->[androidx.camera:camera-camera2:1.2.0-alpha02] AndroidManifest.xml:33:17-86
112        </service>
113
114        <provider
114-->[androidx.emoji2:emoji2:1.2.0] AndroidManifest.xml:24:9-32:20
115            android:name="androidx.startup.InitializationProvider"
115-->[androidx.emoji2:emoji2:1.2.0] AndroidManifest.xml:25:13-67
116            android:authorities="com.google.mediapipe.examples.gesturerecognizer.androidx-startup"
116-->[androidx.emoji2:emoji2:1.2.0] AndroidManifest.xml:26:13-68
117            android:exported="false" >
117-->[androidx.emoji2:emoji2:1.2.0] AndroidManifest.xml:27:13-37
118            <meta-data
118-->[androidx.emoji2:emoji2:1.2.0] AndroidManifest.xml:29:13-31:52
119                android:name="androidx.emoji2.text.EmojiCompatInitializer"
119-->[androidx.emoji2:emoji2:1.2.0] AndroidManifest.xml:30:17-75
120                android:value="androidx.startup" />
120-->[androidx.emoji2:emoji2:1.2.0] AndroidManifest.xml:31:17-49
121            <meta-data
121-->[androidx.lifecycle:lifecycle-process:2.4.1] AndroidManifest.xml:31:13-33:52
122                android:name="androidx.lifecycle.ProcessLifecycleInitializer"
122-->[androidx.lifecycle:lifecycle-process:2.4.1] AndroidManifest.xml:32:17-78
123                android:value="androidx.startup" />
123-->[androidx.lifecycle:lifecycle-process:2.4.1] AndroidManifest.xml:33:17-49
124        </provider>
125
126        <service
126-->[com.google.android.datatransport:transport-backend-cct:3.1.0] AndroidManifest.xml:29:9-35:19
127            android:name="com.google.android.datatransport.runtime.backends.TransportBackendDiscovery"
127-->[com.google.android.datatransport:transport-backend-cct:3.1.0] AndroidManifest.xml:30:13-103
128            android:exported="false" >
128-->[com.google.android.datatransport:transport-backend-cct:3.1.0] AndroidManifest.xml:31:13-37
129            <meta-data
129-->[com.google.android.datatransport:transport-backend-cct:3.1.0] AndroidManifest.xml:32:13-34:39
130                android:name="backend:com.google.android.datatransport.cct.CctBackendFactory"
130-->[com.google.android.datatransport:transport-backend-cct:3.1.0] AndroidManifest.xml:33:17-94
131                android:value="cct" />
131-->[com.google.android.datatransport:transport-backend-cct:3.1.0] AndroidManifest.xml:34:17-36
132        </service>
133        <service
133-->[com.google.android.datatransport:transport-runtime:3.1.0] AndroidManifest.xml:26:9-30:19
134            android:name="com.google.android.datatransport.runtime.scheduling.jobscheduling.JobInfoSchedulerService"
134-->[com.google.android.datatransport:transport-runtime:3.1.0] AndroidManifest.xml:27:13-117
135            android:exported="false"
135-->[com.google.android.datatransport:transport-runtime:3.1.0] AndroidManifest.xml:28:13-37
136            android:permission="android.permission.BIND_JOB_SERVICE" >
136-->[com.google.android.datatransport:transport-runtime:3.1.0] AndroidManifest.xml:29:13-69
137        </service>
138
139        <receiver
139-->[com.google.android.datatransport:transport-runtime:3.1.0] AndroidManifest.xml:32:9-34:40
140            android:name="com.google.android.datatransport.runtime.scheduling.jobscheduling.AlarmManagerSchedulerBroadcastReceiver"
140-->[com.google.android.datatransport:transport-runtime:3.1.0] AndroidManifest.xml:33:13-132
141            android:exported="false" />
141-->[com.google.android.datatransport:transport-runtime:3.1.0] AndroidManifest.xml:34:13-37
142    </application>
143
144</manifest>